Start testing: Jun 16 22:14 MSK
----------------------------------------------------------
1/1 Testing: unit_tests
1/1 Test: unit_tests
Command: "/mnt/c/Users/Aholt/Desktop/console-messenger-cpp/build/run_tests"
Directory: /mnt/c/Users/Aholt/Desktop/console-messenger-cpp/build
"unit_tests" start time: Jun 16 22:14 MSK
Output:
----------------------------------------------------------
[doctest] doctest version is "2.4.11"
[doctest] run with "--help" for options
Enter server IP: Enter server port: ===============================================================================
[doctest] test cases: 16 | 16 passed | 0 failed | 0 skipped
[doctest] assertions: 28 | 28 passed | 0 failed |
[doctest] Status: SUCCESS!
<end of output>
Test time =   0.05 sec
----------------------------------------------------------
Test Passed.
"unit_tests" end time: Jun 16 22:14 MSK
"unit_tests" time elapsed: 00:00:00
----------------------------------------------------------

End testing: Jun 16 22:14 MSK
